2024-10-25 12:01:22,149 - root - INFO - Logging configured.
2024-10-25 12:01:22,149 - root - INFO - Environment variables loaded.
2024-10-25 12:01:22,158 - root - INFO - Command 'exit' from plugin 'exit' registered.
2024-10-25 12:01:22,162 - root - INFO - Command 'math' from plugin 'math' registered.
2024-10-25 12:01:22,162 - root - INFO - Application started. Type 'exit' to exit.
2024-10-25 12:07:16,281 - root - INFO - Application exit.
2024-10-25 12:07:16,281 - root - INFO - Application shutdown.
2024-10-25 12:14:18,309 - root - INFO - Logging configured.
2024-10-25 12:14:18,309 - root - INFO - Environment variables loaded.
2024-10-25 12:14:18,318 - root - INFO - Command 'exit' from plugin 'exit' registered.
2024-10-25 12:14:18,320 - root - INFO - Command 'math' from plugin 'math' registered.
2024-10-25 12:14:18,320 - root - INFO - Application started. Type 'exit' to exit.
2024-10-25 12:14:39,637 - root - INFO - Application exit.
2024-10-25 12:14:39,638 - root - INFO - Application shutdown.
2024-10-25 12:17:59,264 - root - INFO - Logging configured.
2024-10-25 12:17:59,267 - root - INFO - Environment variables loaded.
2024-10-25 12:17:59,272 - root - INFO - Command 'exit' from plugin 'exit' registered.
2024-10-25 12:17:59,273 - root - INFO - Command 'math' from plugin 'math' registered.
2024-10-25 12:17:59,274 - root - INFO - Application started. Type 'exit' to exit.
2024-10-25 12:18:01,750 - root - INFO - Application interrupted and exiting gracefully.
2024-10-25 12:18:01,751 - root - INFO - Application shutdown.
2024-10-25 12:18:39,198 - root - INFO - Logging configured.
2024-10-25 12:18:39,198 - root - INFO - Environment variables loaded.
2024-10-25 12:18:39,203 - root - INFO - Command 'exit' from plugin 'exit' registered.
2024-10-25 12:18:39,208 - root - INFO - Command 'math' from plugin 'math' registered.
2024-10-25 12:18:39,208 - root - INFO - Application started. Type 'exit' to exit.
2024-10-25 12:18:42,074 - root - INFO - Application exit.
2024-10-25 12:18:42,074 - root - INFO - Application shutdown.
2024-10-25 12:22:13,454 - root - INFO - Logging configured.
2024-10-25 12:22:13,454 - root - INFO - Environment variables loaded.
2024-10-25 12:22:13,460 - root - INFO - Logging configured.
2024-10-25 12:22:13,461 - root - INFO - Environment variables loaded.
2024-10-25 12:22:13,462 - root - INFO - Command 'exit' from plugin 'exit' registered.
2024-10-25 12:22:13,462 - root - INFO - Command 'math' from plugin 'math' registered.
2024-10-25 12:22:13,463 - root - INFO - Application started. Type 'exit' to exit.
2024-10-25 12:22:13,463 - root - INFO - Application exit.
2024-10-25 12:22:13,463 - root - INFO - Application shutdown.
2024-10-25 12:22:13,492 - root - INFO - Logging configured.
2024-10-25 12:22:13,493 - root - INFO - Environment variables loaded.
2024-10-25 12:22:13,493 - root - INFO - Command 'exit' from plugin 'exit' registered.
2024-10-25 12:22:13,493 - root - INFO - Command 'math' from plugin 'math' registered.
2024-10-25 12:22:13,493 - root - INFO - Application started. Type 'exit' to exit.
2024-10-25 12:22:13,494 - root - INFO - Application exit.
2024-10-25 12:22:13,494 - root - INFO - Application shutdown.
2024-10-25 12:22:13,502 - root - INFO - Logging configured.
2024-10-25 12:22:13,502 - root - INFO - Environment variables loaded.
2024-10-25 12:22:13,503 - root - INFO - Command 'exit' from plugin 'exit' registered.
2024-10-25 12:22:13,503 - root - INFO - Command 'math' from plugin 'math' registered.
2024-10-25 12:22:13,503 - root - INFO - Application started. Type 'exit' to exit.
2024-10-25 12:22:13,503 - root - INFO - Application exit.
2024-10-25 12:22:13,503 - root - INFO - Application shutdown.
2024-10-25 12:22:23,130 - root - INFO - Logging configured.
2024-10-25 12:22:23,130 - root - INFO - Environment variables loaded.
2024-10-25 12:22:23,133 - root - INFO - Logging configured.
2024-10-25 12:22:23,133 - root - INFO - Environment variables loaded.
2024-10-25 12:22:23,134 - root - INFO - Command 'exit' from plugin 'exit' registered.
2024-10-25 12:22:23,137 - root - INFO - Command 'math' from plugin 'math' registered.
2024-10-25 12:22:23,138 - root - INFO - Application started. Type 'exit' to exit.
2024-10-25 12:22:23,138 - root - INFO - Application exit.
2024-10-25 12:22:23,138 - root - INFO - Application shutdown.
2024-10-25 12:22:23,142 - root - INFO - Logging configured.
2024-10-25 12:22:23,142 - root - INFO - Environment variables loaded.
2024-10-25 12:22:23,142 - root - INFO - Command 'exit' from plugin 'exit' registered.
2024-10-25 12:22:23,143 - root - INFO - Command 'math' from plugin 'math' registered.
2024-10-25 12:22:23,143 - root - INFO - Application started. Type 'exit' to exit.
2024-10-25 12:22:23,143 - root - INFO - Application exit.
2024-10-25 12:22:23,143 - root - INFO - Application shutdown.
2024-10-25 12:22:23,149 - root - INFO - Logging configured.
2024-10-25 12:22:23,149 - root - INFO - Environment variables loaded.
2024-10-25 12:22:23,149 - root - INFO - Command 'exit' from plugin 'exit' registered.
2024-10-25 12:22:23,150 - root - INFO - Command 'math' from plugin 'math' registered.
2024-10-25 12:22:23,150 - root - INFO - Application started. Type 'exit' to exit.
2024-10-25 12:22:23,150 - root - INFO - Application exit.
2024-10-25 12:22:23,150 - root - INFO - Application shutdown.
2024-10-25 12:29:35,731 - root - INFO - Logging configured.
2024-10-25 12:29:35,731 - root - INFO - Environment variables loaded.
2024-10-25 12:29:35,734 - root - INFO - Logging configured.
2024-10-25 12:29:35,734 - root - INFO - Environment variables loaded.
2024-10-25 12:29:35,738 - root - INFO - Command 'exit' from plugin 'exit' registered.
2024-10-25 12:29:35,740 - root - INFO - Command 'math' from plugin 'math' registered.
2024-10-25 12:29:35,740 - root - INFO - Application started. Type 'exit' to exit.
2024-10-25 12:29:35,740 - root - INFO - Application exit.
2024-10-25 12:29:35,741 - root - INFO - Application shutdown.
2024-10-25 12:29:35,743 - root - INFO - Logging configured.
2024-10-25 12:29:35,744 - root - INFO - Environment variables loaded.
2024-10-25 12:29:35,744 - root - INFO - Command 'exit' from plugin 'exit' registered.
2024-10-25 12:29:35,744 - root - INFO - Command 'math' from plugin 'math' registered.
2024-10-25 12:29:35,747 - root - INFO - Application started. Type 'exit' to exit.
2024-10-25 12:29:35,747 - root - INFO - Application exit.
2024-10-25 12:29:35,748 - root - INFO - Application shutdown.
2024-10-25 12:29:35,750 - root - INFO - Logging configured.
2024-10-25 12:29:35,750 - root - INFO - Environment variables loaded.
2024-10-25 12:29:35,751 - root - INFO - Command 'exit' from plugin 'exit' registered.
2024-10-25 12:29:35,751 - root - INFO - Command 'math' from plugin 'math' registered.
2024-10-25 12:29:35,751 - root - INFO - Application started. Type 'exit' to exit.
2024-10-25 12:29:35,751 - root - INFO - Application exit.
2024-10-25 12:29:35,751 - root - INFO - Application shutdown.
2024-10-25 16:08:45,397 - root - INFO - Logging configured.
2024-10-25 16:08:45,398 - root - INFO - Environment variables loaded.
2024-10-25 16:08:45,427 - root - INFO - Logging configured.
2024-10-25 16:08:45,428 - root - INFO - Environment variables loaded.
2024-10-25 16:08:45,438 - root - INFO - Command 'exit' from plugin 'exit' registered.
2024-10-25 16:08:49,418 - root - INFO - Command 'math' from plugin 'math' registered.
2024-10-25 16:08:49,428 - root - INFO - Application started. Type 'exit' to exit.
2024-10-25 16:08:49,428 - root - INFO - Application exit.
2024-10-25 16:08:49,428 - root - INFO - Application shutdown.
2024-10-25 16:08:49,468 - root - INFO - Logging configured.
2024-10-25 16:08:49,477 - root - INFO - Environment variables loaded.
2024-10-25 16:08:49,478 - root - INFO - Command 'exit' from plugin 'exit' registered.
2024-10-25 16:08:49,488 - root - INFO - Command 'math' from plugin 'math' registered.
2024-10-25 16:08:49,497 - root - INFO - Application started. Type 'exit' to exit.
2024-10-25 16:08:49,498 - root - INFO - Application exit.
2024-10-25 16:08:49,498 - root - INFO - Application shutdown.
2024-10-25 16:08:49,538 - root - INFO - Logging configured.
2024-10-25 16:08:49,548 - root - INFO - Environment variables loaded.
2024-10-25 16:08:49,548 - root - INFO - Command 'exit' from plugin 'exit' registered.
2024-10-25 16:08:49,558 - root - INFO - Command 'math' from plugin 'math' registered.
2024-10-25 16:08:49,568 - root - INFO - Application started. Type 'exit' to exit.
2024-10-25 16:08:49,568 - root - INFO - Application exit.
2024-10-25 16:08:49,568 - root - INFO - Application shutdown.
2024-10-25 16:09:26,088 - root - INFO - Logging configured.
2024-10-25 16:09:26,097 - root - INFO - Environment variables loaded.
2024-10-25 16:09:26,148 - root - INFO - Command 'exit' from plugin 'exit' registered.
2024-10-25 16:09:29,048 - root - INFO - Command 'math' from plugin 'math' registered.
2024-10-25 16:09:29,048 - root - INFO - Application started. Type 'exit' to exit.
2024-10-25 16:09:42,318 - root - INFO - Application shutdown.
2024-10-25 16:11:31,308 - root - INFO - Logging configured.
2024-10-25 16:11:31,308 - root - INFO - Environment variables loaded.
2024-10-25 16:11:31,368 - root - INFO - Command 'exit' from plugin 'exit' registered.
2024-10-25 16:11:34,188 - root - INFO - Command 'math' from plugin 'math' registered.
2024-10-25 16:11:34,188 - root - INFO - Application started. Type 'exit' to exit.
2024-10-25 16:11:39,208 - root - INFO - Application shutdown.
2024-10-25 16:12:43,168 - root - INFO - Logging configured.
2024-10-25 16:12:43,168 - root - INFO - Environment variables loaded.
2024-10-25 16:12:43,228 - root - INFO - Command 'exit' from plugin 'exit' registered.
2024-10-25 16:12:46,158 - root - INFO - Command 'math' from plugin 'math' registered.
2024-10-25 16:12:46,167 - root - INFO - Application started. Type 'exit' to exit.
2024-10-25 16:15:52,907 - root - INFO - Application exit.
2024-10-25 16:15:52,908 - root - INFO - Application shutdown.
2024-10-25 16:15:57,198 - root - INFO - Logging configured.
2024-10-25 16:15:57,198 - root - INFO - Environment variables loaded.
2024-10-25 16:15:57,258 - root - INFO - Command 'exit' from plugin 'exit' registered.
2024-10-25 16:16:00,418 - root - INFO - Command 'math' from plugin 'math' registered.
2024-10-25 16:16:00,418 - root - INFO - Application started. Type 'exit' to exit.
2024-10-25 16:19:36,017 - root - INFO - Application exit.
2024-10-25 16:19:36,018 - root - INFO - Application shutdown.
